Flow report for Prime_Finder_8bit_Group41
Sun Dec 15 00:29:43 2024
Quartus Prime Version 18.1.0 Build 625 09/12/2018 SJ Lite Edition


---------------------
; Table of Contents ;
---------------------
  1. Legal Notice
  2. Flow Summary
  3. Flow Settings
  4. Flow Non-Default Global Settings
  5. Flow Elapsed Time
  6. Flow OS Summary
  7. Flow Log
  8. Flow Messages
  9. Flow Suppressed Messages



----------------
; Legal Notice ;
----------------
Copyright (C) 2018  Intel Corporation. All rights reserved.
Your use of Intel Corporation's design tools, logic functions 
and other software and tools, and its AMPP partner logic 
functions, and any output files from any of the foregoing 
(including device programming or simulation files), and any 
associated documentation or information are expressly subject 
to the terms and conditions of the Intel Program License 
Subscription Agreement, the Intel Quartus Prime License Agreement,
the Intel FPGA IP License Agreement, or other applicable license
agreement, including, without limitation, that your use is for
the sole purpose of programming logic devices manufactured by
Intel and sold by Intel or its authorized distributors.  Please
refer to the applicable agreement for further details.



+----------------------------------------------------------------------------------+
; Flow Summary                                                                     ;
+------------------------------------+---------------------------------------------+
; Flow Status                        ; Successful - Sun Dec 15 00:29:43 2024       ;
; Quartus Prime Version              ; 18.1.0 Build 625 09/12/2018 SJ Lite Edition ;
; Revision Name                      ; Prime_Finder_8bit_Group41                   ;
; Top-level Entity Name              ; Top_8bit_Group41                            ;
; Family                             ; MAX 10                                      ;
; Device                             ; 10M50DAF484C6GES                            ;
; Timing Models                      ; Preliminary                                 ;
; Total logic elements               ; 630 / 49,760 ( 1 % )                        ;
;     Total combinational functions  ; 584 / 49,760 ( 1 % )                        ;
;     Dedicated logic registers      ; 207 / 49,760 ( < 1 % )                      ;
; Total registers                    ; 207                                         ;
; Total pins                         ; 60 / 360 ( 17 % )                           ;
; Total virtual pins                 ; 0                                           ;
; Total memory bits                  ; 0 / 1,677,312 ( 0 % )                       ;
; Embedded Multiplier 9-bit elements ; 0 / 288 ( 0 % )                             ;
; Total PLLs                         ; 0 / 4 ( 0 % )                               ;
; UFM blocks                         ; 0 / 1 ( 0 % )                               ;
; ADC blocks                         ; 0 / 2 ( 0 % )                               ;
+------------------------------------+---------------------------------------------+


+-----------------------------------------------+
; Flow Settings                                 ;
+-------------------+---------------------------+
; Option            ; Setting                   ;
+-------------------+---------------------------+
; Start date & time ; 12/15/2024 00:29:10       ;
; Main task         ; Compilation               ;
; Revision Name     ; Prime_Finder_8bit_Group41 ;
+-------------------+---------------------------+


+----------------------------------------------------------------------------------------------------------------------------------------------+
; Flow Non-Default Global Settings                                                                                                             ;
+-------------------------------------+----------------------------------------+---------------------------+------------------+----------------+
; Assignment Name                     ; Value                                  ; Default Value             ; Entity Name      ; Section Id     ;
+-------------------------------------+----------------------------------------+---------------------------+------------------+----------------+
; COMPILER_SIGNATURE_ID               ; 1098729821307.173419375008240          ; --                        ; --               ; --             ;
; EDA_OUTPUT_DATA_FORMAT              ; Vhdl                                   ; --                        ; --               ; eda_simulation ;
; EDA_SIMULATION_TOOL                 ; ModelSim-Altera (VHDL)                 ; <None>                    ; --               ; --             ;
; EDA_TIME_SCALE                      ; 1 ps                                   ; --                        ; --               ; eda_simulation ;
; PARTITION_COLOR                     ; -- (Not supported for targeted family) ; --                        ; Top_8bit_Group41 ; Top            ;
; PARTITION_FITTER_PRESERVATION_LEVEL ; -- (Not supported for targeted family) ; --                        ; Top_8bit_Group41 ; Top            ;
; PARTITION_NETLIST_TYPE              ; -- (Not supported for targeted family) ; --                        ; Top_8bit_Group41 ; Top            ;
; PROJECT_OUTPUT_DIRECTORY            ; output_files                           ; --                        ; --               ; --             ;
; TOP_LEVEL_ENTITY                    ; Top_8bit_Group41                       ; Prime_Finder_8bit_Group41 ; --               ; --             ;
+-------------------------------------+----------------------------------------+---------------------------+------------------+----------------+


+--------------------------------------------------------------------------------------------------------------------------+
; Flow Elapsed Time                                                                                                        ;
+----------------------+--------------+-------------------------+---------------------+------------------------------------+
; Module Name          ; Elapsed Time ; Average Processors Used ; Peak Virtual Memory ; Total CPU Time (on all processors) ;
+----------------------+--------------+-------------------------+---------------------+------------------------------------+
; Analysis & Synthesis ; 00:00:11     ; 1.0                     ; 4856 MB             ; 00:00:05                           ;
; Fitter               ; 00:00:10     ; 1.3                     ; 6429 MB             ; 00:00:06                           ;
; Assembler            ; 00:00:03     ; 1.0                     ; 4687 MB             ; 00:00:01                           ;
; Timing Analyzer      ; 00:00:03     ; 1.6                     ; 4945 MB             ; 00:00:01                           ;
; EDA Netlist Writer   ; 00:00:02     ; 1.0                     ; 4660 MB             ; 00:00:00                           ;
; Total                ; 00:00:29     ; --                      ; --                  ; 00:00:13                           ;
+----------------------+--------------+-------------------------+---------------------+------------------------------------+


+------------------------------------------------------------------------------------+
; Flow OS Summary                                                                    ;
+----------------------+------------------+------------+------------+----------------+
; Module Name          ; Machine Hostname ; OS Name    ; OS Version ; Processor type ;
+----------------------+------------------+------------+------------+----------------+
; Analysis & Synthesis ; 一亿元           ; Windows 10 ; 10.0       ; x86_64         ;
; Fitter               ; 一亿元           ; Windows 10 ; 10.0       ; x86_64         ;
; Assembler            ; 一亿元           ; Windows 10 ; 10.0       ; x86_64         ;
; Timing Analyzer      ; 一亿元           ; Windows 10 ; 10.0       ; x86_64         ;
; EDA Netlist Writer   ; 一亿元           ; Windows 10 ; 10.0       ; x86_64         ;
+----------------------+------------------+------------+------------+----------------+


------------
; Flow Log ;
------------
quartus_map --read_settings_files=on --write_settings_files=off Prime_Finder_8bit_Group41 -c Prime_Finder_8bit_Group41
quartus_fit --read_settings_files=off --write_settings_files=off Prime_Finder_8bit_Group41 -c Prime_Finder_8bit_Group41
quartus_asm --read_settings_files=off --write_settings_files=off Prime_Finder_8bit_Group41 -c Prime_Finder_8bit_Group41
quartus_sta Prime_Finder_8bit_Group41 -c Prime_Finder_8bit_Group41
quartus_eda --read_settings_files=off --write_settings_files=off Prime_Finder_8bit_Group41 -c Prime_Finder_8bit_Group41



