Analysis & Synthesis report for Prime_Finder_8bit_Group41
Sun Dec 15 00:29:21 2024
Quartus Prime Version 18.1.0 Build 625 09/12/2018 SJ Lite Edition


---------------------
; Table of Contents ;
---------------------
  1. Legal Notice
  2. Analysis & Synthesis Summary
  3. Analysis & Synthesis Settings
  4. Parallel Compilation
  5. Analysis & Synthesis Source Files Read
  6. Analysis & Synthesis Resource Usage Summary
  7. Analysis & Synthesis Resource Utilization by Entity
  8. State Machine - |Top_8bit_Group41|Prime_Finder_Group41:PrimeFinder|state
  9. State Machine - |Top_8bit_Group41|BIN2SEG_3DIGIT_Group41:RDisplay|state
 10. State Machine - |Top_8bit_Group41|BIN2SEG_3DIGIT_Group41:QDisplay|state
 11. User-Specified and Inferred Latches
 12. Registers Removed During Synthesis
 13. Removed Registers Triggering Further Register Optimizations
 14. General Register Statistics
 15. Inverted Register Statistics
 16. Multiplexer Restructuring Statistics (Restructuring Performed)
 17. Port Connectivity Checks: "Prime_Finder_Group41:PrimeFinder|LongDivision_8bit_Group41:Divider_Check"
 18. Port Connectivity Checks: "BIN2SEG_3DIGIT_Group41:QDisplay|LongDivision_8bit_Group41:Divisor_10"
 19. Port Connectivity Checks: "BIN2SEG_3DIGIT_Group41:QDisplay|LongDivision_8bit_Group41:Divisor_100"
 20. Port Connectivity Checks: "LongDivision_8bit_Group41:Divider0|RipSub_8bit_Group41:Subtractor_7"
 21. Port Connectivity Checks: "LongDivision_8bit_Group41:Divider0|RipSub_8bit_Group41:Subtractor_6"
 22. Port Connectivity Checks: "LongDivision_8bit_Group41:Divider0|RipSub_8bit_Group41:Subtractor_5"
 23. Port Connectivity Checks: "LongDivision_8bit_Group41:Divider0|RipSub_8bit_Group41:Subtractor_4"
 24. Port Connectivity Checks: "LongDivision_8bit_Group41:Divider0|RipSub_8bit_Group41:Subtractor_3"
 25. Port Connectivity Checks: "LongDivision_8bit_Group41:Divider0|RipSub_8bit_Group41:Subtractor_2"
 26. Port Connectivity Checks: "LongDivision_8bit_Group41:Divider0|RipSub_8bit_Group41:Subtractor_1"
 27. Port Connectivity Checks: "LongDivision_8bit_Group41:Divider0|RipSub_8bit_Group41:Subtractor_0"
 28. Post-Synthesis Netlist Statistics for Top Partition
 29. Elapsed Time Per Partition
 30. Analysis & Synthesis Messages



----------------
; Legal Notice ;
----------------
Copyright (C) 2018  Intel Corporation. All rights reserved.
Your use of Intel Corporation's design tools, logic functions 
and other software and tools, and its AMPP partner logic 
functions, and any output files from any of the foregoing 
(including device programming or simulation files), and any 
associated documentation or information are expressly subject 
to the terms and conditions of the Intel Program License 
Subscription Agreement, the Intel Quartus Prime License Agreement,
the Intel FPGA IP License Agreement, or other applicable license
agreement, including, without limitation, that your use is for
the sole purpose of programming logic devices manufactured by
Intel and sold by Intel or its authorized distributors.  Please
refer to the applicable agreement for further details.



+----------------------------------------------------------------------------------+
; Analysis & Synthesis Summary                                                     ;
+------------------------------------+---------------------------------------------+
; Analysis & Synthesis Status        ; Successful - Sun Dec 15 00:29:21 2024       ;
; Quartus Prime Version              ; 18.1.0 Build 625 09/12/2018 SJ Lite Edition ;
; Revision Name                      ; Prime_Finder_8bit_Group41                   ;
; Top-level Entity Name              ; Top_8bit_Group41                            ;
; Family                             ; MAX 10                                      ;
; Total logic elements               ; 660                                         ;
;     Total combinational functions  ; 579                                         ;
;     Dedicated logic registers      ; 207                                         ;
; Total registers                    ; 207                                         ;
; Total pins                         ; 60                                          ;
; Total virtual pins                 ; 0                                           ;
; Total memory bits                  ; 0                                           ;
; Embedded Multiplier 9-bit elements ; 0                                           ;
; Total PLLs                         ; 0                                           ;
; UFM blocks                         ; 0                                           ;
; ADC blocks                         ; 0                                           ;
+------------------------------------+---------------------------------------------+


+-------------------------------------------------------------------------------------------------------------------+
; Analysis & Synthesis Settings                                                                                     ;
+------------------------------------------------------------------+--------------------+---------------------------+
; Option                                                           ; Setting            ; Default Value             ;
+------------------------------------------------------------------+--------------------+---------------------------+
; Device                                                           ; 10M50DAF484C6GES   ;                           ;
; Top-level entity name                                            ; Top_8bit_Group41   ; Prime_Finder_8bit_Group41 ;
; Family name                                                      ; MAX 10             ; Cyclone V                 ;
; Use smart compilation                                            ; Off                ; Off                       ;
; Enable parallel Assembler and Timing Analyzer during compilation ; On                 ; On                        ;
; Enable compact report table                                      ; Off                ; Off                       ;
; Restructure Multiplexers                                         ; Auto               ; Auto                      ;
; Create Debugging Nodes for IP Cores                              ; Off                ; Off                       ;
; Preserve fewer node names                                        ; On                 ; On                        ;
; Intel FPGA IP Evaluation Mode                                    ; Enable             ; Enable                    ;
; Verilog Version                                                  ; Verilog_2001       ; Verilog_2001              ;
; VHDL Version                                                     ; VHDL_1993          ; VHDL_1993                 ;
; State Machine Processing                                         ; Auto               ; Auto                      ;
; Safe State Machine                                               ; Off                ; Off                       ;
; Extract Verilog State Machines                                   ; On                 ; On                        ;
; Extract VHDL State Machines                                      ; On                 ; On                        ;
; Ignore Verilog initial constructs                                ; Off                ; Off                       ;
; Iteration limit for constant Verilog loops                       ; 5000               ; 5000                      ;
; Iteration limit for non-constant Verilog loops                   ; 250                ; 250                       ;
; Add Pass-Through Logic to Inferred RAMs                          ; On                 ; On                        ;
; Infer RAMs from Raw Logic                                        ; On                 ; On                        ;
; Parallel Synthesis                                               ; On                 ; On                        ;
; DSP Block Balancing                                              ; Auto               ; Auto                      ;
; NOT Gate Push-Back                                               ; On                 ; On                        ;
; Power-Up Don't Care                                              ; On                 ; On                        ;
; Remove Redundant Logic Cells                                     ; Off                ; Off                       ;
; Remove Duplicate Registers                                       ; On                 ; On                        ;
; Ignore CARRY Buffers                                             ; Off                ; Off                       ;
; Ignore CASCADE Buffers                                           ; Off                ; Off                       ;
; Ignore GLOBAL Buffers                                            ; Off                ; Off                       ;
; Ignore ROW GLOBAL Buffers                                        ; Off                ; Off                       ;
; Ignore LCELL Buffers                                             ; Off                ; Off                       ;
; Ignore SOFT Buffers                                              ; On                 ; On                        ;
; Limit AHDL Integers to 32 Bits                                   ; Off                ; Off                       ;
; Optimization Technique                                           ; Balanced           ; Balanced                  ;
; Carry Chain Length                                               ; 70                 ; 70                        ;
; Auto Carry Chains                                                ; On                 ; On                        ;
; Auto Open-Drain Pins                                             ; On                 ; On                        ;
; Perform WYSIWYG Primitive Resynthesis                            ; Off                ; Off                       ;
; Auto ROM Replacement                                             ; On                 ; On                        ;
; Auto RAM Replacement                                             ; On                 ; On                        ;
; Auto DSP Block Replacement                                       ; On                 ; On                        ;
; Auto Shift Register Replacement                                  ; Auto               ; Auto                      ;
; Allow Shift Register Merging across Hierarchies                  ; Auto               ; Auto                      ;
; Auto Clock Enable Replacement                                    ; On                 ; On                        ;
; Strict RAM Replacement                                           ; Off                ; Off                       ;
; Allow Synchronous Control Signals                                ; On                 ; On                        ;
; Force Use of Synchronous Clear Signals                           ; Off                ; Off                       ;
; Auto RAM Block Balancing                                         ; On                 ; On                        ;
; Auto RAM to Logic Cell Conversion                                ; Off                ; Off                       ;
; Auto Resource Sharing                                            ; Off                ; Off                       ;
; Allow Any RAM Size For Recognition                               ; Off                ; Off                       ;
; Allow Any ROM Size For Recognition                               ; Off                ; Off                       ;
; Allow Any Shift Register Size For Recognition                    ; Off                ; Off                       ;
; Use LogicLock Constraints during Resource Balancing              ; On                 ; On                        ;
; Ignore translate_off and synthesis_off directives                ; Off                ; Off                       ;
; Timing-Driven Synthesis                                          ; On                 ; On                        ;
; Report Parameter Settings                                        ; On                 ; On                        ;
; Report Source Assignments                                        ; On                 ; On                        ;
; Report Connectivity Checks                                       ; On                 ; On                        ;
; Ignore Maximum Fan-Out Assignments                               ; Off                ; Off                       ;
; Synchronization Register Chain Length                            ; 2                  ; 2                         ;
; Power Optimization During Synthesis                              ; Normal compilation ; Normal compilation        ;
; HDL message level                                                ; Level2             ; Level2                    ;
; Suppress Register Optimization Related Messages                  ; Off                ; Off                       ;
; Number of Removed Registers Reported in Synthesis Report         ; 5000               ; 5000                      ;
; Number of Swept Nodes Reported in Synthesis Report               ; 5000               ; 5000                      ;
; Number of Inverted Registers Reported in Synthesis Report        ; 100                ; 100                       ;
; Clock MUX Protection                                             ; On                 ; On                        ;
; Auto Gated Clock Conversion                                      ; Off                ; Off                       ;
; Block Design Naming                                              ; Auto               ; Auto                      ;
; SDC constraint protection                                        ; Off                ; Off                       ;
; Synthesis Effort                                                 ; Auto               ; Auto                      ;
; Shift Register Replacement - Allow Asynchronous Clear Signal     ; On                 ; On                        ;
; Pre-Mapping Resynthesis Optimization                             ; Off                ; Off                       ;
; Analysis & Synthesis Message Level                               ; Medium             ; Medium                    ;
; Disable Register Merging Across Hierarchies                      ; Auto               ; Auto                      ;
; Resource Aware Inference For Block RAM                           ; On                 ; On                        ;
+------------------------------------------------------------------+--------------------+---------------------------+


+------------------------------------------+
; Parallel Compilation                     ;
+----------------------------+-------------+
; Processors                 ; Number      ;
+----------------------------+-------------+
; Number detected on machine ; 20          ;
; Maximum allowed            ; 14          ;
;                            ;             ;
; Average used               ; 1.00        ;
; Maximum used               ; 14          ;
;                            ;             ;
; Usage by Processor         ; % Time Used ;
;     Processor 1            ; 100.0%      ;
;     Processor 2            ;   0.0%      ;
;     Processor 3            ;   0.0%      ;
;     Processor 4            ;   0.0%      ;
;     Processor 5            ;   0.0%      ;
;     Processor 6            ;   0.0%      ;
;     Processors 7-14        ;   0.0%      ;
+----------------------------+-------------+


+---------------------------------------------------------------------------------------------------------------------------------------------+
; Analysis & Synthesis Source Files Read                                                                                                      ;
+----------------------------------+-----------------+-----------------+------------------------------------------------------------+---------+
; File Name with User-Entered Path ; Used in Netlist ; File Type       ; File Name with Absolute Path                               ; Library ;
+----------------------------------+-----------------+-----------------+------------------------------------------------------------+---------+
; RipSub_8bit_Group41.vhd          ; yes             ; User VHDL File  ; F:/Prime_Finder_8bit_Group41/RipSub_8bit_Group41.vhd       ;         ;
; LongDivision_8bit_Group41.vhd    ; yes             ; User VHDL File  ; F:/Prime_Finder_8bit_Group41/LongDivision_8bit_Group41.vhd ;         ;
; BIN2SEG_3DIGIT_Group41.vhd       ; yes             ; User VHDL File  ; F:/Prime_Finder_8bit_Group41/BIN2SEG_3DIGIT_Group41.vhd    ;         ;
; Prime_Finder_Group41.vhd         ; yes             ; User VHDL File  ; F:/Prime_Finder_8bit_Group41/Prime_Finder_Group41.vhd      ;         ;
; Top_8bit_Group41.vhd             ; yes             ; User VHDL File  ; F:/Prime_Finder_8bit_Group41/Top_8bit_Group41.vhd          ;         ;
+----------------------------------+-----------------+-----------------+------------------------------------------------------------+---------+


+-------------------------------------------------------------------+
; Analysis & Synthesis Resource Usage Summary                       ;
+---------------------------------------------+---------------------+
; Resource                                    ; Usage               ;
+---------------------------------------------+---------------------+
; Estimated Total logic elements              ; 660                 ;
;                                             ;                     ;
; Total combinational functions               ; 579                 ;
; Logic element usage by number of LUT inputs ;                     ;
;     -- 4 input functions                    ; 242                 ;
;     -- 3 input functions                    ; 240                 ;
;     -- <=2 input functions                  ; 97                  ;
;                                             ;                     ;
; Logic elements by mode                      ;                     ;
;     -- normal mode                          ; 481                 ;
;     -- arithmetic mode                      ; 98                  ;
;                                             ;                     ;
; Total registers                             ; 207                 ;
;     -- Dedicated logic registers            ; 207                 ;
;     -- I/O registers                        ; 0                   ;
;                                             ;                     ;
; I/O pins                                    ; 60                  ;
;                                             ;                     ;
; Embedded Multiplier 9-bit elements          ; 0                   ;
;                                             ;                     ;
; Maximum fan-out node                        ; MAX10_CLK1_50~input ;
; Maximum fan-out                             ; 207                 ;
; Total fan-out                               ; 2578                ;
; Average fan-out                             ; 2.85                ;
+---------------------------------------------+---------------------+


+-------------------------------------------------------------------------------------------------------------------------------------------------------------------------------------------------------------------------------------------------------------------------------------------------------------------------------------------------------------------------------+
; Analysis & Synthesis Resource Utilization by Entity                                                                                                                                                                                                                                                                                                                           ;
+-------------------------------------------------+---------------------+---------------------------+-------------+------------+--------------+---------+-----------+------+--------------+------------+-----------------------------------------------------------------------------------------------------------------------------+---------------------------+--------------+
; Compilation Hierarchy Node                      ; Combinational ALUTs ; Dedicated Logic Registers ; Memory Bits ; UFM Blocks ; DSP Elements ; DSP 9x9 ; DSP 18x18 ; Pins ; Virtual Pins ; ADC blocks ; Full Hierarchy Name                                                                                                         ; Entity Name               ; Library Name ;
+-------------------------------------------------+---------------------+---------------------------+-------------+------------+--------------+---------+-----------+------+--------------+------------+-----------------------------------------------------------------------------------------------------------------------------+---------------------------+--------------+
; |Top_8bit_Group41                               ; 579 (18)            ; 207 (0)                   ; 0           ; 0          ; 0            ; 0       ; 0         ; 60   ; 0            ; 0          ; |Top_8bit_Group41                                                                                                           ; Top_8bit_Group41          ; work         ;
;    |BIN2SEG_3DIGIT_Group41:QDisplay|            ; 98 (45)             ; 68 (32)                   ; 0           ; 0          ; 0            ; 0       ; 0         ; 0    ; 0            ; 0          ; |Top_8bit_Group41|BIN2SEG_3DIGIT_Group41:QDisplay                                                                           ; BIN2SEG_3DIGIT_Group41    ; work         ;
;       |LongDivision_8bit_Group41:Divisor_100|   ; 22 (20)             ; 19 (19)                   ; 0           ; 0          ; 0            ; 0       ; 0         ; 0    ; 0            ; 0          ; |Top_8bit_Group41|BIN2SEG_3DIGIT_Group41:QDisplay|LongDivision_8bit_Group41:Divisor_100                                     ; LongDivision_8bit_Group41 ; work         ;
;          |RipSub_8bit_Group41:Subtractor_7|     ; 2 (2)               ; 0 (0)                     ; 0           ; 0          ; 0            ; 0       ; 0         ; 0    ; 0            ; 0          ; |Top_8bit_Group41|BIN2SEG_3DIGIT_Group41:QDisplay|LongDivision_8bit_Group41:Divisor_100|RipSub_8bit_Group41:Subtractor_7    ; RipSub_8bit_Group41       ; work         ;
;       |LongDivision_8bit_Group41:Divisor_10|    ; 31 (27)             ; 17 (17)                   ; 0           ; 0          ; 0            ; 0       ; 0         ; 0    ; 0            ; 0          ; |Top_8bit_Group41|BIN2SEG_3DIGIT_Group41:QDisplay|LongDivision_8bit_Group41:Divisor_10                                      ; LongDivision_8bit_Group41 ; work         ;
;          |RipSub_8bit_Group41:Subtractor_4|     ; 3 (3)               ; 0 (0)                     ; 0           ; 0          ; 0            ; 0       ; 0         ; 0    ; 0            ; 0          ; |Top_8bit_Group41|BIN2SEG_3DIGIT_Group41:QDisplay|LongDivision_8bit_Group41:Divisor_10|RipSub_8bit_Group41:Subtractor_4     ; RipSub_8bit_Group41       ; work         ;
;          |RipSub_8bit_Group41:Subtractor_6|     ; 1 (1)               ; 0 (0)                     ; 0           ; 0          ; 0            ; 0       ; 0         ; 0    ; 0            ; 0          ; |Top_8bit_Group41|BIN2SEG_3DIGIT_Group41:QDisplay|LongDivision_8bit_Group41:Divisor_10|RipSub_8bit_Group41:Subtractor_6     ; RipSub_8bit_Group41       ; work         ;
;    |BIN2SEG_3DIGIT_Group41:RDisplay|            ; 98 (45)             ; 68 (32)                   ; 0           ; 0          ; 0            ; 0       ; 0         ; 0    ; 0            ; 0          ; |Top_8bit_Group41|BIN2SEG_3DIGIT_Group41:RDisplay                                                                           ; BIN2SEG_3DIGIT_Group41    ; work         ;
;       |LongDivision_8bit_Group41:Divisor_100|   ; 22 (20)             ; 19 (19)                   ; 0           ; 0          ; 0            ; 0       ; 0         ; 0    ; 0            ; 0          ; |Top_8bit_Group41|BIN2SEG_3DIGIT_Group41:RDisplay|LongDivision_8bit_Group41:Divisor_100                                     ; LongDivision_8bit_Group41 ; work         ;
;          |RipSub_8bit_Group41:Subtractor_7|     ; 2 (2)               ; 0 (0)                     ; 0           ; 0          ; 0            ; 0       ; 0         ; 0    ; 0            ; 0          ; |Top_8bit_Group41|BIN2SEG_3DIGIT_Group41:RDisplay|LongDivision_8bit_Group41:Divisor_100|RipSub_8bit_Group41:Subtractor_7    ; RipSub_8bit_Group41       ; work         ;
;       |LongDivision_8bit_Group41:Divisor_10|    ; 31 (27)             ; 17 (17)                   ; 0           ; 0          ; 0            ; 0       ; 0         ; 0    ; 0            ; 0          ; |Top_8bit_Group41|BIN2SEG_3DIGIT_Group41:RDisplay|LongDivision_8bit_Group41:Divisor_10                                      ; LongDivision_8bit_Group41 ; work         ;
;          |RipSub_8bit_Group41:Subtractor_4|     ; 3 (3)               ; 0 (0)                     ; 0           ; 0          ; 0            ; 0       ; 0         ; 0    ; 0            ; 0          ; |Top_8bit_Group41|BIN2SEG_3DIGIT_Group41:RDisplay|LongDivision_8bit_Group41:Divisor_10|RipSub_8bit_Group41:Subtractor_4     ; RipSub_8bit_Group41       ; work         ;
;          |RipSub_8bit_Group41:Subtractor_6|     ; 1 (1)               ; 0 (0)                     ; 0           ; 0          ; 0            ; 0       ; 0         ; 0    ; 0            ; 0          ; |Top_8bit_Group41|BIN2SEG_3DIGIT_Group41:RDisplay|LongDivision_8bit_Group41:Divisor_10|RipSub_8bit_Group41:Subtractor_6     ; RipSub_8bit_Group41       ; work         ;
;    |LongDivision_8bit_Group41:Divider0|         ; 167 (120)           ; 32 (32)                   ; 0           ; 0          ; 0            ; 0       ; 0         ; 0    ; 0            ; 0          ; |Top_8bit_Group41|LongDivision_8bit_Group41:Divider0                                                                        ; LongDivision_8bit_Group41 ; work         ;
;       |RipSub_8bit_Group41:Subtractor_2|        ; 4 (4)               ; 0 (0)                     ; 0           ; 0          ; 0            ; 0       ; 0         ; 0    ; 0            ; 0          ; |Top_8bit_Group41|LongDivision_8bit_Group41:Divider0|RipSub_8bit_Group41:Subtractor_2                                       ; RipSub_8bit_Group41       ; work         ;
;       |RipSub_8bit_Group41:Subtractor_3|        ; 8 (8)               ; 0 (0)                     ; 0           ; 0          ; 0            ; 0       ; 0         ; 0    ; 0            ; 0          ; |Top_8bit_Group41|LongDivision_8bit_Group41:Divider0|RipSub_8bit_Group41:Subtractor_3                                       ; RipSub_8bit_Group41       ; work         ;
;       |RipSub_8bit_Group41:Subtractor_4|        ; 12 (12)             ; 0 (0)                     ; 0           ; 0          ; 0            ; 0       ; 0         ; 0    ; 0            ; 0          ; |Top_8bit_Group41|LongDivision_8bit_Group41:Divider0|RipSub_8bit_Group41:Subtractor_4                                       ; RipSub_8bit_Group41       ; work         ;
;       |RipSub_8bit_Group41:Subtractor_5|        ; 8 (8)               ; 0 (0)                     ; 0           ; 0          ; 0            ; 0       ; 0         ; 0    ; 0            ; 0          ; |Top_8bit_Group41|LongDivision_8bit_Group41:Divider0|RipSub_8bit_Group41:Subtractor_5                                       ; RipSub_8bit_Group41       ; work         ;
;       |RipSub_8bit_Group41:Subtractor_6|        ; 6 (6)               ; 0 (0)                     ; 0           ; 0          ; 0            ; 0       ; 0         ; 0    ; 0            ; 0          ; |Top_8bit_Group41|LongDivision_8bit_Group41:Divider0|RipSub_8bit_Group41:Subtractor_6                                       ; RipSub_8bit_Group41       ; work         ;
;       |RipSub_8bit_Group41:Subtractor_7|        ; 9 (9)               ; 0 (0)                     ; 0           ; 0          ; 0            ; 0       ; 0         ; 0    ; 0            ; 0          ; |Top_8bit_Group41|LongDivision_8bit_Group41:Divider0|RipSub_8bit_Group41:Subtractor_7                                       ; RipSub_8bit_Group41       ; work         ;
;    |Prime_Finder_Group41:PrimeFinder|           ; 198 (41)            ; 39 (15)                   ; 0           ; 0          ; 0            ; 0       ; 0         ; 0    ; 0            ; 0          ; |Top_8bit_Group41|Prime_Finder_Group41:PrimeFinder                                                                          ; Prime_Finder_Group41      ; work         ;
;       |LongDivision_8bit_Group41:Divider_Check| ; 157 (111)           ; 24 (24)                   ; 0           ; 0          ; 0            ; 0       ; 0         ; 0    ; 0            ; 0          ; |Top_8bit_Group41|Prime_Finder_Group41:PrimeFinder|LongDivision_8bit_Group41:Divider_Check                                  ; LongDivision_8bit_Group41 ; work         ;
;          |RipSub_8bit_Group41:Subtractor_2|     ; 4 (4)               ; 0 (0)                     ; 0           ; 0          ; 0            ; 0       ; 0         ; 0    ; 0            ; 0          ; |Top_8bit_Group41|Prime_Finder_Group41:PrimeFinder|LongDivision_8bit_Group41:Divider_Check|RipSub_8bit_Group41:Subtractor_2 ; RipSub_8bit_Group41       ; work         ;
;          |RipSub_8bit_Group41:Subtractor_3|     ; 8 (8)               ; 0 (0)                     ; 0           ; 0          ; 0            ; 0       ; 0         ; 0    ; 0            ; 0          ; |Top_8bit_Group41|Prime_Finder_Group41:PrimeFinder|LongDivision_8bit_Group41:Divider_Check|RipSub_8bit_Group41:Subtractor_3 ; RipSub_8bit_Group41       ; work         ;
;          |RipSub_8bit_Group41:Subtractor_4|     ; 12 (12)             ; 0 (0)                     ; 0           ; 0          ; 0            ; 0       ; 0         ; 0    ; 0            ; 0          ; |Top_8bit_Group41|Prime_Finder_Group41:PrimeFinder|LongDivision_8bit_Group41:Divider_Check|RipSub_8bit_Group41:Subtractor_4 ; RipSub_8bit_Group41       ; work         ;
;          |RipSub_8bit_Group41:Subtractor_5|     ; 8 (8)               ; 0 (0)                     ; 0           ; 0          ; 0            ; 0       ; 0         ; 0    ; 0            ; 0          ; |Top_8bit_Group41|Prime_Finder_Group41:PrimeFinder|LongDivision_8bit_Group41:Divider_Check|RipSub_8bit_Group41:Subtractor_5 ; RipSub_8bit_Group41       ; work         ;
;          |RipSub_8bit_Group41:Subtractor_6|     ; 6 (6)               ; 0 (0)                     ; 0           ; 0          ; 0            ; 0       ; 0         ; 0    ; 0            ; 0          ; |Top_8bit_Group41|Prime_Finder_Group41:PrimeFinder|LongDivision_8bit_Group41:Divider_Check|RipSub_8bit_Group41:Subtractor_6 ; RipSub_8bit_Group41       ; work         ;
;          |RipSub_8bit_Group41:Subtractor_7|     ; 8 (8)               ; 0 (0)                     ; 0           ; 0          ; 0            ; 0       ; 0         ; 0    ; 0            ; 0          ; |Top_8bit_Group41|Prime_Finder_Group41:PrimeFinder|LongDivision_8bit_Group41:Divider_Check|RipSub_8bit_Group41:Subtractor_7 ; RipSub_8bit_Group41       ; work         ;
+-------------------------------------------------+---------------------+---------------------------+-------------+------------+--------------+---------+-----------+------+--------------+------------+-----------------------------------------------------------------------------------------------------------------------------+---------------------------+--------------+
Note: For table entries with two numbers listed, the numbers in parentheses indicate the number of resources of the given type used by the specific entity alone. The numbers listed outside of parentheses indicate the total resources of the given type used by the specific entity and all of its sub-entities in the hierarchy.


Encoding Type:  One-Hot
+--------------------------------------------------------------------------------------------+
; State Machine - |Top_8bit_Group41|Prime_Finder_Group41:PrimeFinder|state                   ;
+----------------+--------------+-------------+----------------+----------------+------------+
; Name           ; state.FINISH ; state.CHECK ; state.WAIT_DIV ; state.LOAD_DIV ; state.IDLE ;
+----------------+--------------+-------------+----------------+----------------+------------+
; state.IDLE     ; 0            ; 0           ; 0              ; 0              ; 0          ;
; state.LOAD_DIV ; 0            ; 0           ; 0              ; 1              ; 1          ;
; state.WAIT_DIV ; 0            ; 0           ; 1              ; 0              ; 1          ;
; state.CHECK    ; 0            ; 1           ; 0              ; 0              ; 1          ;
; state.FINISH   ; 1            ; 0           ; 0              ; 0              ; 1          ;
+----------------+--------------+-------------+----------------+----------------+------------+


Encoding Type:  One-Hot
+------------------------------------------------------------------------------------------+
; State Machine - |Top_8bit_Group41|BIN2SEG_3DIGIT_Group41:RDisplay|state                  ;
+---------------------+------------+--------------------+---------------------+------------+
; Name                ; state.DONE ; state.DIVIDE_BY_10 ; state.DIVIDE_BY_100 ; state.IDLE ;
+---------------------+------------+--------------------+---------------------+------------+
; state.IDLE          ; 0          ; 0                  ; 0                   ; 0          ;
; state.DIVIDE_BY_100 ; 0          ; 0                  ; 1                   ; 1          ;
; state.DIVIDE_BY_10  ; 0          ; 1                  ; 0                   ; 1          ;
; state.DONE          ; 1          ; 0                  ; 0                   ; 1          ;
+---------------------+------------+--------------------+---------------------+------------+


Encoding Type:  One-Hot
+------------------------------------------------------------------------------------------+
; State Machine - |Top_8bit_Group41|BIN2SEG_3DIGIT_Group41:QDisplay|state                  ;
+---------------------+------------+--------------------+---------------------+------------+
; Name                ; state.DONE ; state.DIVIDE_BY_10 ; state.DIVIDE_BY_100 ; state.IDLE ;
+---------------------+------------+--------------------+---------------------+------------+
; state.IDLE          ; 0          ; 0                  ; 0                   ; 0          ;
; state.DIVIDE_BY_100 ; 0          ; 0                  ; 1                   ; 1          ;
; state.DIVIDE_BY_10  ; 0          ; 1                  ; 0                   ; 1          ;
; state.DONE          ; 1          ; 0                  ; 0                   ; 1          ;
+---------------------+------------+--------------------+---------------------+------------+


+----------------------------------------------------------------------------------------------------+
; User-Specified and Inferred Latches                                                                ;
+-----------------------------------------------------+---------------------+------------------------+
; Latch Name                                          ; Latch Enable Signal ; Free of Timing Hazards ;
+-----------------------------------------------------+---------------------+------------------------+
; Dividend_input[1]                                   ; Dividend_input[0]   ; yes                    ;
; Dividend_input[2]                                   ; Dividend_input[0]   ; yes                    ;
; Dividend_input[3]                                   ; Dividend_input[0]   ; yes                    ;
; Dividend_input[4]                                   ; Dividend_input[0]   ; yes                    ;
; Dividend_input[5]                                   ; Dividend_input[0]   ; yes                    ;
; Dividend_input[6]                                   ; Dividend_input[0]   ; yes                    ;
; Dividend_input[7]                                   ; Dividend_input[0]   ; yes                    ;
; Dividend_input[0]                                   ; Dividend_input[0]   ; yes                    ;
; Divisor_input[7]                                    ; Divisor_input[1]    ; yes                    ;
; Divisor_input[6]                                    ; Divisor_input[1]    ; yes                    ;
; Divisor_input[5]                                    ; Divisor_input[1]    ; yes                    ;
; Divisor_input[4]                                    ; Divisor_input[1]    ; yes                    ;
; Divisor_input[3]                                    ; Divisor_input[1]    ; yes                    ;
; Divisor_input[2]                                    ; Divisor_input[1]    ; yes                    ;
; Divisor_input[1]                                    ; Divisor_input[1]    ; yes                    ;
; Divisor_input[0]                                    ; Divisor_input[1]    ; yes                    ;
; Number of user-specified and inferred latches = 16  ;                     ;                        ;
+-----------------------------------------------------+---------------------+------------------------+
Note: All latches listed above may not be present at the end of synthesis due to various synthesis optimizations.


+-------------------------------------------------------------------------------------------------------------------------------------------------------------------------------------------------+
; Registers Removed During Synthesis                                                                                                                                                              ;
+----------------------------------------------------------------------------------------------+--------------------------------------------------------------------------------------------------+
; Register name                                                                                ; Reason for Removal                                                                               ;
+----------------------------------------------------------------------------------------------+--------------------------------------------------------------------------------------------------+
; BIN2SEG_3DIGIT_Group41:RDisplay|LongDivision_8bit_Group41:Divisor_10|Divisor_reg[0,2,4..7]   ; Stuck at GND due to stuck port data_in                                                           ;
; BIN2SEG_3DIGIT_Group41:RDisplay|LongDivision_8bit_Group41:Divisor_100|Divisor_reg[0,1,3,4,7] ; Stuck at GND due to stuck port data_in                                                           ;
; BIN2SEG_3DIGIT_Group41:QDisplay|LongDivision_8bit_Group41:Divisor_10|Divisor_reg[0,2,4..7]   ; Stuck at GND due to stuck port data_in                                                           ;
; BIN2SEG_3DIGIT_Group41:QDisplay|LongDivision_8bit_Group41:Divisor_100|Divisor_reg[0,1,3,4,7] ; Stuck at GND due to stuck port data_in                                                           ;
; BIN2SEG_3DIGIT_Group41:QDisplay|LongDivision_8bit_Group41:Divisor_10|Divisor_reg[1]          ; Merged with BIN2SEG_3DIGIT_Group41:QDisplay|LongDivision_8bit_Group41:Divisor_10|Divisor_reg[3]  ;
; BIN2SEG_3DIGIT_Group41:QDisplay|LongDivision_8bit_Group41:Divisor_100|Divisor_reg[2]         ; Merged with BIN2SEG_3DIGIT_Group41:QDisplay|LongDivision_8bit_Group41:Divisor_100|Divisor_reg[5] ;
; BIN2SEG_3DIGIT_Group41:QDisplay|LongDivision_8bit_Group41:Divisor_100|Divisor_reg[5]         ; Merged with BIN2SEG_3DIGIT_Group41:QDisplay|LongDivision_8bit_Group41:Divisor_100|Divisor_reg[6] ;
; BIN2SEG_3DIGIT_Group41:RDisplay|LongDivision_8bit_Group41:Divisor_10|Divisor_reg[1]          ; Merged with BIN2SEG_3DIGIT_Group41:RDisplay|LongDivision_8bit_Group41:Divisor_10|Divisor_reg[3]  ;
; BIN2SEG_3DIGIT_Group41:RDisplay|LongDivision_8bit_Group41:Divisor_100|Divisor_reg[2]         ; Merged with BIN2SEG_3DIGIT_Group41:RDisplay|LongDivision_8bit_Group41:Divisor_100|Divisor_reg[5] ;
; BIN2SEG_3DIGIT_Group41:RDisplay|LongDivision_8bit_Group41:Divisor_100|Divisor_reg[5]         ; Merged with BIN2SEG_3DIGIT_Group41:RDisplay|LongDivision_8bit_Group41:Divisor_100|Divisor_reg[6] ;
; Prime_Finder_Group41:PrimeFinder|current_divisor[7]                                          ; Merged with Prime_Finder_Group41:PrimeFinder|Counter[7]                                          ;
; Prime_Finder_Group41:PrimeFinder|current_divisor[6]                                          ; Merged with Prime_Finder_Group41:PrimeFinder|Counter[6]                                          ;
; Prime_Finder_Group41:PrimeFinder|current_divisor[5]                                          ; Merged with Prime_Finder_Group41:PrimeFinder|Counter[5]                                          ;
; Prime_Finder_Group41:PrimeFinder|current_divisor[4]                                          ; Merged with Prime_Finder_Group41:PrimeFinder|Counter[4]                                          ;
; Prime_Finder_Group41:PrimeFinder|current_divisor[3]                                          ; Merged with Prime_Finder_Group41:PrimeFinder|Counter[3]                                          ;
; Prime_Finder_Group41:PrimeFinder|current_divisor[2]                                          ; Merged with Prime_Finder_Group41:PrimeFinder|Counter[2]                                          ;
; Prime_Finder_Group41:PrimeFinder|current_divisor[1]                                          ; Merged with Prime_Finder_Group41:PrimeFinder|Counter[1]                                          ;
; Prime_Finder_Group41:PrimeFinder|current_divisor[0]                                          ; Merged with Prime_Finder_Group41:PrimeFinder|Counter[0]                                          ;
; BIN2SEG_3DIGIT_Group41:QDisplay|LongDivision_8bit_Group41:Divisor_100|Quotient_reg[3]        ; Stuck at GND due to stuck port data_in                                                           ;
; BIN2SEG_3DIGIT_Group41:RDisplay|LongDivision_8bit_Group41:Divisor_100|Quotient_reg[3]        ; Stuck at GND due to stuck port data_in                                                           ;
; BIN2SEG_3DIGIT_Group41:QDisplay|hundreds_digit[3]                                            ; Stuck at GND due to stuck port data_in                                                           ;
; BIN2SEG_3DIGIT_Group41:RDisplay|hundreds_digit[3]                                            ; Stuck at GND due to stuck port data_in                                                           ;
; BIN2SEG_3DIGIT_Group41:QDisplay|LongDivision_8bit_Group41:Divisor_100|Quotient_reg[2]        ; Stuck at GND due to stuck port data_in                                                           ;
; BIN2SEG_3DIGIT_Group41:RDisplay|LongDivision_8bit_Group41:Divisor_100|Quotient_reg[2]        ; Stuck at GND due to stuck port data_in                                                           ;
; BIN2SEG_3DIGIT_Group41:QDisplay|hundreds_digit[2]                                            ; Stuck at GND due to stuck port data_in                                                           ;
; BIN2SEG_3DIGIT_Group41:RDisplay|hundreds_digit[2]                                            ; Stuck at GND due to stuck port data_in                                                           ;
; Total Number of Removed Registers = 44                                                       ;                                                                                                  ;
+----------------------------------------------------------------------------------------------+--------------------------------------------------------------------------------------------------+


+------------------------------------------------------------------------------------------------------------------------------------------------------------------------------------------------------------+
; Removed Registers Triggering Further Register Optimizations                                                                                                                                                ;
+---------------------------------------------------------------------------------------+---------------------------+----------------------------------------------------------------------------------------+
; Register name                                                                         ; Reason for Removal        ; Registers Removed due to This Register                                                 ;
+---------------------------------------------------------------------------------------+---------------------------+----------------------------------------------------------------------------------------+
; BIN2SEG_3DIGIT_Group41:RDisplay|LongDivision_8bit_Group41:Divisor_100|Divisor_reg[7]  ; Stuck at GND              ; BIN2SEG_3DIGIT_Group41:RDisplay|LongDivision_8bit_Group41:Divisor_100|Quotient_reg[2], ;
;                                                                                       ; due to stuck port data_in ; BIN2SEG_3DIGIT_Group41:RDisplay|hundreds_digit[2]                                      ;
; BIN2SEG_3DIGIT_Group41:QDisplay|LongDivision_8bit_Group41:Divisor_100|Divisor_reg[7]  ; Stuck at GND              ; BIN2SEG_3DIGIT_Group41:QDisplay|LongDivision_8bit_Group41:Divisor_100|Quotient_reg[2], ;
;                                                                                       ; due to stuck port data_in ; BIN2SEG_3DIGIT_Group41:QDisplay|hundreds_digit[2]                                      ;
; BIN2SEG_3DIGIT_Group41:QDisplay|LongDivision_8bit_Group41:Divisor_100|Quotient_reg[3] ; Stuck at GND              ; BIN2SEG_3DIGIT_Group41:QDisplay|hundreds_digit[3]                                      ;
;                                                                                       ; due to stuck port data_in ;                                                                                        ;
; BIN2SEG_3DIGIT_Group41:RDisplay|LongDivision_8bit_Group41:Divisor_100|Quotient_reg[3] ; Stuck at GND              ; BIN2SEG_3DIGIT_Group41:RDisplay|hundreds_digit[3]                                      ;
;                                                                                       ; due to stuck port data_in ;                                                                                        ;
+---------------------------------------------------------------------------------------+---------------------------+----------------------------------------------------------------------------------------+


+------------------------------------------------------+
; General Register Statistics                          ;
+----------------------------------------------+-------+
; Statistic                                    ; Value ;
+----------------------------------------------+-------+
; Total registers                              ; 207   ;
; Number of registers using Synchronous Clear  ; 28    ;
; Number of registers using Synchronous Load   ; 18    ;
; Number of registers using Asynchronous Clear ; 0     ;
; Number of registers using Asynchronous Load  ; 0     ;
; Number of registers using Clock Enable       ; 127   ;
; Number of registers using Preset             ; 0     ;
+----------------------------------------------+-------+


+-------------------------------------------------------+
; Inverted Register Statistics                          ;
+---------------------------------------------+---------+
; Inverted Register                           ; Fan out ;
+---------------------------------------------+---------+
; Prime_Finder_Group41:PrimeFinder|prime_flag ; 4       ;
; Prime_Finder_Group41:PrimeFinder|Counter[1] ; 4       ;
; Total number of inverted registers = 2      ;         ;
+---------------------------------------------+---------+


+---------------------------------------------------------------------------------------------------------------------------------------------------------------------------------------------------------------------------+
; Multiplexer Restructuring Statistics (Restructuring Performed)                                                                                                                                                            ;
+--------------------+-----------+---------------+----------------------+------------------------+------------+-------------------------------------------------------------------------------------------------------------+
; Multiplexer Inputs ; Bus Width ; Baseline Area ; Area if Restructured ; Saving if Restructured ; Registered ; Example Multiplexer Output                                                                                  ;
+--------------------+-----------+---------------+----------------------+------------------------+------------+-------------------------------------------------------------------------------------------------------------+
; 3:1                ; 8 bits    ; 16 LEs        ; 8 LEs                ; 8 LEs                  ; Yes        ; |Top_8bit_Group41|LongDivision_8bit_Group41:Divider0|Quotient_reg[1]                                        ;
; 3:1                ; 4 bits    ; 8 LEs         ; 4 LEs                ; 4 LEs                  ; Yes        ; |Top_8bit_Group41|BIN2SEG_3DIGIT_Group41:RDisplay|LongDivision_8bit_Group41:Divisor_100|Quotient_reg[3]     ;
; 3:1                ; 4 bits    ; 8 LEs         ; 4 LEs                ; 4 LEs                  ; Yes        ; |Top_8bit_Group41|BIN2SEG_3DIGIT_Group41:QDisplay|LongDivision_8bit_Group41:Divisor_100|Quotient_reg[0]     ;
; 3:1                ; 4 bits    ; 8 LEs         ; 4 LEs                ; 4 LEs                  ; Yes        ; |Top_8bit_Group41|BIN2SEG_3DIGIT_Group41:QDisplay|LongDivision_8bit_Group41:Divisor_10|Quotient_reg[2]      ;
; 3:1                ; 4 bits    ; 8 LEs         ; 4 LEs                ; 4 LEs                  ; Yes        ; |Top_8bit_Group41|BIN2SEG_3DIGIT_Group41:RDisplay|LongDivision_8bit_Group41:Divisor_10|Quotient_reg[3]      ;
; 4:1                ; 7 bits    ; 14 LEs        ; 14 LEs               ; 0 LEs                  ; Yes        ; |Top_8bit_Group41|Prime_Finder_Group41:PrimeFinder|LongDivision_8bit_Group41:Divider_Check|Remainder_reg[7] ;
; 4:1                ; 7 bits    ; 14 LEs        ; 14 LEs               ; 0 LEs                  ; Yes        ; |Top_8bit_Group41|LongDivision_8bit_Group41:Divider0|Remainder_reg[7]                                       ;
; 4:1                ; 5 bits    ; 10 LEs        ; 10 LEs               ; 0 LEs                  ; Yes        ; |Top_8bit_Group41|BIN2SEG_3DIGIT_Group41:RDisplay|LongDivision_8bit_Group41:Divisor_100|Remainder_reg[5]    ;
; 4:1                ; 5 bits    ; 10 LEs        ; 10 LEs               ; 0 LEs                  ; Yes        ; |Top_8bit_Group41|BIN2SEG_3DIGIT_Group41:QDisplay|LongDivision_8bit_Group41:Divisor_100|Remainder_reg[5]    ;
; 4:1                ; 2 bits    ; 4 LEs         ; 4 LEs                ; 0 LEs                  ; Yes        ; |Top_8bit_Group41|BIN2SEG_3DIGIT_Group41:QDisplay|LongDivision_8bit_Group41:Divisor_10|Remainder_reg[2]     ;
; 4:1                ; 2 bits    ; 4 LEs         ; 4 LEs                ; 0 LEs                  ; Yes        ; |Top_8bit_Group41|BIN2SEG_3DIGIT_Group41:RDisplay|LongDivision_8bit_Group41:Divisor_10|Remainder_reg[2]     ;
; 4:1                ; 4 bits    ; 8 LEs         ; 4 LEs                ; 4 LEs                  ; Yes        ; |Top_8bit_Group41|BIN2SEG_3DIGIT_Group41:QDisplay|hundreds_digit[0]                                         ;
; 4:1                ; 4 bits    ; 8 LEs         ; 4 LEs                ; 4 LEs                  ; Yes        ; |Top_8bit_Group41|BIN2SEG_3DIGIT_Group41:RDisplay|hundreds_digit[1]                                         ;
; 5:1                ; 7 bits    ; 21 LEs        ; 7 LEs                ; 14 LEs                 ; Yes        ; |Top_8bit_Group41|Prime_Finder_Group41:PrimeFinder|Counter[7]                                               ;
; 5:1                ; 8 bits    ; 24 LEs        ; 8 LEs                ; 16 LEs                 ; Yes        ; |Top_8bit_Group41|BIN2SEG_3DIGIT_Group41:RDisplay|Dividend_10[5]                                            ;
; 5:1                ; 8 bits    ; 24 LEs        ; 8 LEs                ; 16 LEs                 ; Yes        ; |Top_8bit_Group41|BIN2SEG_3DIGIT_Group41:QDisplay|Dividend_10[1]                                            ;
; 6:1                ; 4 bits    ; 16 LEs        ; 4 LEs                ; 12 LEs                 ; Yes        ; |Top_8bit_Group41|BIN2SEG_3DIGIT_Group41:RDisplay|tens_digit[0]                                             ;
; 6:1                ; 4 bits    ; 16 LEs        ; 8 LEs                ; 8 LEs                  ; Yes        ; |Top_8bit_Group41|BIN2SEG_3DIGIT_Group41:RDisplay|ones_digit[0]                                             ;
; 6:1                ; 4 bits    ; 16 LEs        ; 4 LEs                ; 12 LEs                 ; Yes        ; |Top_8bit_Group41|BIN2SEG_3DIGIT_Group41:QDisplay|tens_digit[1]                                             ;
; 6:1                ; 4 bits    ; 16 LEs        ; 8 LEs                ; 8 LEs                  ; Yes        ; |Top_8bit_Group41|BIN2SEG_3DIGIT_Group41:QDisplay|ones_digit[0]                                             ;
+--------------------+-----------+---------------+----------------------+------------------------+------------+-------------------------------------------------------------------------------------------------------------+


+--------------------------------------------------------------------------------------------------------------------+
; Port Connectivity Checks: "Prime_Finder_Group41:PrimeFinder|LongDivision_8bit_Group41:Divider_Check"               ;
+----------+--------+----------+-------------------------------------------------------------------------------------+
; Port     ; Type   ; Severity ; Details                                                                             ;
+----------+--------+----------+-------------------------------------------------------------------------------------+
; quotient ; Output ; Info     ; Connected to dangling logic. Logic that only feeds a dangling port will be removed. ;
+----------+--------+----------+-------------------------------------------------------------------------------------+


+---------------------------------------------------------------------------------------------------------------------------+
; Port Connectivity Checks: "BIN2SEG_3DIGIT_Group41:QDisplay|LongDivision_8bit_Group41:Divisor_10"                          ;
+-----------------+--------+----------+-------------------------------------------------------------------------------------+
; Port            ; Type   ; Severity ; Details                                                                             ;
+-----------------+--------+----------+-------------------------------------------------------------------------------------+
; divisor[7..4]   ; Input  ; Info     ; Stuck at GND                                                                        ;
; divisor[3]      ; Input  ; Info     ; Stuck at VCC                                                                        ;
; divisor[2]      ; Input  ; Info     ; Stuck at GND                                                                        ;
; divisor[1]      ; Input  ; Info     ; Stuck at VCC                                                                        ;
; divisor[0]      ; Input  ; Info     ; Stuck at GND                                                                        ;
; quotient[7..4]  ; Output ; Info     ; Connected to dangling logic. Logic that only feeds a dangling port will be removed. ;
; remainder[7..4] ; Output ; Info     ; Connected to dangling logic. Logic that only feeds a dangling port will be removed. ;
+-----------------+--------+----------+-------------------------------------------------------------------------------------+


+--------------------------------------------------------------------------------------------------------------------------+
; Port Connectivity Checks: "BIN2SEG_3DIGIT_Group41:QDisplay|LongDivision_8bit_Group41:Divisor_100"                        ;
+----------------+--------+----------+-------------------------------------------------------------------------------------+
; Port           ; Type   ; Severity ; Details                                                                             ;
+----------------+--------+----------+-------------------------------------------------------------------------------------+
; divisor[6..5]  ; Input  ; Info     ; Stuck at VCC                                                                        ;
; divisor[4..3]  ; Input  ; Info     ; Stuck at GND                                                                        ;
; divisor[1..0]  ; Input  ; Info     ; Stuck at GND                                                                        ;
; divisor[7]     ; Input  ; Info     ; Stuck at GND                                                                        ;
; divisor[2]     ; Input  ; Info     ; Stuck at VCC                                                                        ;
; quotient[7..4] ; Output ; Info     ; Connected to dangling logic. Logic that only feeds a dangling port will be removed. ;
+----------------+--------+----------+-------------------------------------------------------------------------------------+


+------------------------------------------------------------------------------------------------------------------+
; Port Connectivity Checks: "LongDivision_8bit_Group41:Divider0|RipSub_8bit_Group41:Subtractor_7"                  ;
+--------+--------+----------+-------------------------------------------------------------------------------------+
; Port   ; Type   ; Severity ; Details                                                                             ;
+--------+--------+----------+-------------------------------------------------------------------------------------+
; borrow ; Output ; Info     ; Connected to dangling logic. Logic that only feeds a dangling port will be removed. ;
+--------+--------+----------+-------------------------------------------------------------------------------------+


+------------------------------------------------------------------------------------------------------------------+
; Port Connectivity Checks: "LongDivision_8bit_Group41:Divider0|RipSub_8bit_Group41:Subtractor_6"                  ;
+--------+--------+----------+-------------------------------------------------------------------------------------+
; Port   ; Type   ; Severity ; Details                                                                             ;
+--------+--------+----------+-------------------------------------------------------------------------------------+
; sub[7] ; Output ; Info     ; Connected to dangling logic. Logic that only feeds a dangling port will be removed. ;
; borrow ; Output ; Info     ; Connected to dangling logic. Logic that only feeds a dangling port will be removed. ;
+--------+--------+----------+-------------------------------------------------------------------------------------+


+------------------------------------------------------------------------------------------------------------------+
; Port Connectivity Checks: "LongDivision_8bit_Group41:Divider0|RipSub_8bit_Group41:Subtractor_5"                  ;
+--------+--------+----------+-------------------------------------------------------------------------------------+
; Port   ; Type   ; Severity ; Details                                                                             ;
+--------+--------+----------+-------------------------------------------------------------------------------------+
; sub[7] ; Output ; Info     ; Connected to dangling logic. Logic that only feeds a dangling port will be removed. ;
; borrow ; Output ; Info     ; Connected to dangling logic. Logic that only feeds a dangling port will be removed. ;
+--------+--------+----------+-------------------------------------------------------------------------------------+


+------------------------------------------------------------------------------------------------------------------+
; Port Connectivity Checks: "LongDivision_8bit_Group41:Divider0|RipSub_8bit_Group41:Subtractor_4"                  ;
+--------+--------+----------+-------------------------------------------------------------------------------------+
; Port   ; Type   ; Severity ; Details                                                                             ;
+--------+--------+----------+-------------------------------------------------------------------------------------+
; sub[7] ; Output ; Info     ; Connected to dangling logic. Logic that only feeds a dangling port will be removed. ;
; borrow ; Output ; Info     ; Connected to dangling logic. Logic that only feeds a dangling port will be removed. ;
+--------+--------+----------+-------------------------------------------------------------------------------------+


+------------------------------------------------------------------------------------------------------------------+
; Port Connectivity Checks: "LongDivision_8bit_Group41:Divider0|RipSub_8bit_Group41:Subtractor_3"                  ;
+--------+--------+----------+-------------------------------------------------------------------------------------+
; Port   ; Type   ; Severity ; Details                                                                             ;
+--------+--------+----------+-------------------------------------------------------------------------------------+
; sub[7] ; Output ; Info     ; Connected to dangling logic. Logic that only feeds a dangling port will be removed. ;
; borrow ; Output ; Info     ; Connected to dangling logic. Logic that only feeds a dangling port will be removed. ;
+--------+--------+----------+-------------------------------------------------------------------------------------+


+------------------------------------------------------------------------------------------------------------------+
; Port Connectivity Checks: "LongDivision_8bit_Group41:Divider0|RipSub_8bit_Group41:Subtractor_2"                  ;
+--------+--------+----------+-------------------------------------------------------------------------------------+
; Port   ; Type   ; Severity ; Details                                                                             ;
+--------+--------+----------+-------------------------------------------------------------------------------------+
; sub[7] ; Output ; Info     ; Connected to dangling logic. Logic that only feeds a dangling port will be removed. ;
; borrow ; Output ; Info     ; Connected to dangling logic. Logic that only feeds a dangling port will be removed. ;
+--------+--------+----------+-------------------------------------------------------------------------------------+


+------------------------------------------------------------------------------------------------------------------+
; Port Connectivity Checks: "LongDivision_8bit_Group41:Divider0|RipSub_8bit_Group41:Subtractor_1"                  ;
+--------+--------+----------+-------------------------------------------------------------------------------------+
; Port   ; Type   ; Severity ; Details                                                                             ;
+--------+--------+----------+-------------------------------------------------------------------------------------+
; sub[7] ; Output ; Info     ; Connected to dangling logic. Logic that only feeds a dangling port will be removed. ;
; borrow ; Output ; Info     ; Connected to dangling logic. Logic that only feeds a dangling port will be removed. ;
+--------+--------+----------+-------------------------------------------------------------------------------------+


+-------------------------------------------------------------------------------------------------------------------+
; Port Connectivity Checks: "LongDivision_8bit_Group41:Divider0|RipSub_8bit_Group41:Subtractor_0"                   ;
+---------+--------+----------+-------------------------------------------------------------------------------------+
; Port    ; Type   ; Severity ; Details                                                                             ;
+---------+--------+----------+-------------------------------------------------------------------------------------+
; a[7..1] ; Input  ; Info     ; Stuck at GND                                                                        ;
; sub[7]  ; Output ; Info     ; Connected to dangling logic. Logic that only feeds a dangling port will be removed. ;
; borrow  ; Output ; Info     ; Connected to dangling logic. Logic that only feeds a dangling port will be removed. ;
+---------+--------+----------+-------------------------------------------------------------------------------------+


+-----------------------------------------------------+
; Post-Synthesis Netlist Statistics for Top Partition ;
+-----------------------+-----------------------------+
; Type                  ; Count                       ;
+-----------------------+-----------------------------+
; boundary_port         ; 60                          ;
; cycloneiii_ff         ; 207                         ;
;     ENA               ; 119                         ;
;     ENA SLD           ; 8                           ;
;     SCLR              ; 18                          ;
;     SCLR SLD          ; 10                          ;
;     plain             ; 52                          ;
; cycloneiii_lcell_comb ; 587                         ;
;     arith             ; 98                          ;
;         2 data inputs ; 15                          ;
;         3 data inputs ; 83                          ;
;     normal            ; 489                         ;
;         0 data inputs ; 2                           ;
;         1 data inputs ; 12                          ;
;         2 data inputs ; 76                          ;
;         3 data inputs ; 157                         ;
;         4 data inputs ; 242                         ;
;                       ;                             ;
; Max LUT depth         ; 24.60                       ;
; Average LUT depth     ; 11.27                       ;
+-----------------------+-----------------------------+


+-------------------------------+
; Elapsed Time Per Partition    ;
+----------------+--------------+
; Partition Name ; Elapsed Time ;
+----------------+--------------+
; Top            ; 00:00:01     ;
+----------------+--------------+


+-------------------------------+
; Analysis & Synthesis Messages ;
+-------------------------------+
Info: *******************************************************************
Info: Running Quartus Prime Analysis & Synthesis
    Info: Version 18.1.0 Build 625 09/12/2018 SJ Lite Edition
    Info: Processing started: Sun Dec 15 00:29:10 2024
Info: Command: quartus_map --read_settings_files=on --write_settings_files=off Prime_Finder_8bit_Group41 -c Prime_Finder_8bit_Group41
Warning (18236): Number of processors has not been specified which may cause overloading on shared machines.  Set the global assignment NUM_PARALLEL_PROCESSORS in your QSF to an appropriate value for best performance.
Info (20030): Parallel compilation is enabled and will use 14 of the 14 processors detected
Info (12021): Found 2 design units, including 1 entities, in source file and_2bit_group41.vhd
    Info (12022): Found design unit 1: And_2bit_Group41-Behavioral File: F:/Prime_Finder_8bit_Group41/And_2bit_Group41.vhd Line: 11
    Info (12023): Found entity 1: And_2bit_Group41 File: F:/Prime_Finder_8bit_Group41/And_2bit_Group41.vhd Line: 4
Info (12021): Found 2 design units, including 1 entities, in source file full_adder_group41.vhd
    Info (12022): Found design unit 1: Full_adder_Group41-Behavioral File: F:/Prime_Finder_8bit_Group41/Full_adder_Group41.vhd Line: 11
    Info (12023): Found entity 1: Full_adder_Group41 File: F:/Prime_Finder_8bit_Group41/Full_adder_Group41.vhd Line: 4
Info (12021): Found 2 design units, including 1 entities, in source file ripsub_8bit_group41.vhd
    Info (12022): Found design unit 1: RipSub_8bit_Group41-Behavioral File: F:/Prime_Finder_8bit_Group41/RipSub_8bit_Group41.vhd Line: 13
    Info (12023): Found entity 1: RipSub_8bit_Group41 File: F:/Prime_Finder_8bit_Group41/RipSub_8bit_Group41.vhd Line: 4
Info (12021): Found 2 design units, including 1 entities, in source file longdivision_8bit_group41.vhd
    Info (12022): Found design unit 1: LongDivision_8bit_Group41-Behavioral File: F:/Prime_Finder_8bit_Group41/LongDivision_8bit_Group41.vhd Line: 17
    Info (12023): Found entity 1: LongDivision_8bit_Group41 File: F:/Prime_Finder_8bit_Group41/LongDivision_8bit_Group41.vhd Line: 6
Info (12021): Found 2 design units, including 1 entities, in source file bin2seg_3digit_group41.vhd
    Info (12022): Found design unit 1: BIN2SEG_3DIGIT_Group41-Behavioral File: F:/Prime_Finder_8bit_Group41/BIN2SEG_3DIGIT_Group41.vhd Line: 16
    Info (12023): Found entity 1: BIN2SEG_3DIGIT_Group41 File: F:/Prime_Finder_8bit_Group41/BIN2SEG_3DIGIT_Group41.vhd Line: 6
Info (12021): Found 2 design units, including 1 entities, in source file prime_finder_group41.vhd
    Info (12022): Found design unit 1: Prime_Finder_Group41-Behavioral File: F:/Prime_Finder_8bit_Group41/Prime_Finder_Group41.vhd Line: 15
    Info (12023): Found entity 1: Prime_Finder_Group41 File: F:/Prime_Finder_8bit_Group41/Prime_Finder_Group41.vhd Line: 6
Info (12021): Found 2 design units, including 1 entities, in source file top_8bit_group41.vhd
    Info (12022): Found design unit 1: Top_8bit_Group41-Behavioral File: F:/Prime_Finder_8bit_Group41/Top_8bit_Group41.vhd Line: 15
    Info (12023): Found entity 1: Top_8bit_Group41 File: F:/Prime_Finder_8bit_Group41/Top_8bit_Group41.vhd Line: 6
Info (12127): Elaborating entity "Top_8bit_Group41" for the top level hierarchy
Warning (10631): VHDL Process Statement warning at Top_8bit_Group41.vhd(56): inferring latch(es) for signal or variable "Dividend_input", which holds its previous value in one or more paths through the process File: F:/Prime_Finder_8bit_Group41/Top_8bit_Group41.vhd Line: 56
Warning (10631): VHDL Process Statement warning at Top_8bit_Group41.vhd(56): inferring latch(es) for signal or variable "Divisor_input", which holds its previous value in one or more paths through the process File: F:/Prime_Finder_8bit_Group41/Top_8bit_Group41.vhd Line: 56
Info (10041): Inferred latch for "Divisor_input[0]" at Top_8bit_Group41.vhd(56) File: F:/Prime_Finder_8bit_Group41/Top_8bit_Group41.vhd Line: 56
Info (10041): Inferred latch for "Divisor_input[1]" at Top_8bit_Group41.vhd(56) File: F:/Prime_Finder_8bit_Group41/Top_8bit_Group41.vhd Line: 56
Info (10041): Inferred latch for "Divisor_input[2]" at Top_8bit_Group41.vhd(56) File: F:/Prime_Finder_8bit_Group41/Top_8bit_Group41.vhd Line: 56
Info (10041): Inferred latch for "Divisor_input[3]" at Top_8bit_Group41.vhd(56) File: F:/Prime_Finder_8bit_Group41/Top_8bit_Group41.vhd Line: 56
Info (10041): Inferred latch for "Divisor_input[4]" at Top_8bit_Group41.vhd(56) File: F:/Prime_Finder_8bit_Group41/Top_8bit_Group41.vhd Line: 56
Info (10041): Inferred latch for "Divisor_input[5]" at Top_8bit_Group41.vhd(56) File: F:/Prime_Finder_8bit_Group41/Top_8bit_Group41.vhd Line: 56
Info (10041): Inferred latch for "Divisor_input[6]" at Top_8bit_Group41.vhd(56) File: F:/Prime_Finder_8bit_Group41/Top_8bit_Group41.vhd Line: 56
Info (10041): Inferred latch for "Divisor_input[7]" at Top_8bit_Group41.vhd(56) File: F:/Prime_Finder_8bit_Group41/Top_8bit_Group41.vhd Line: 56
Info (10041): Inferred latch for "Dividend_input[0]" at Top_8bit_Group41.vhd(56) File: F:/Prime_Finder_8bit_Group41/Top_8bit_Group41.vhd Line: 56
Info (10041): Inferred latch for "Dividend_input[1]" at Top_8bit_Group41.vhd(56) File: F:/Prime_Finder_8bit_Group41/Top_8bit_Group41.vhd Line: 56
Info (10041): Inferred latch for "Dividend_input[2]" at Top_8bit_Group41.vhd(56) File: F:/Prime_Finder_8bit_Group41/Top_8bit_Group41.vhd Line: 56
Info (10041): Inferred latch for "Dividend_input[3]" at Top_8bit_Group41.vhd(56) File: F:/Prime_Finder_8bit_Group41/Top_8bit_Group41.vhd Line: 56
Info (10041): Inferred latch for "Dividend_input[4]" at Top_8bit_Group41.vhd(56) File: F:/Prime_Finder_8bit_Group41/Top_8bit_Group41.vhd Line: 56
Info (10041): Inferred latch for "Dividend_input[5]" at Top_8bit_Group41.vhd(56) File: F:/Prime_Finder_8bit_Group41/Top_8bit_Group41.vhd Line: 56
Info (10041): Inferred latch for "Dividend_input[6]" at Top_8bit_Group41.vhd(56) File: F:/Prime_Finder_8bit_Group41/Top_8bit_Group41.vhd Line: 56
Info (10041): Inferred latch for "Dividend_input[7]" at Top_8bit_Group41.vhd(56) File: F:/Prime_Finder_8bit_Group41/Top_8bit_Group41.vhd Line: 56
Info (12128): Elaborating entity "LongDivision_8bit_Group41" for hierarchy "LongDivision_8bit_Group41:Divider0" File: F:/Prime_Finder_8bit_Group41/Top_8bit_Group41.vhd Line: 67
Warning (10036): Verilog HDL or VHDL warning at LongDivision_8bit_Group41.vhd(52): object "Sub_Cout_0" assigned a value but never read File: F:/Prime_Finder_8bit_Group41/LongDivision_8bit_Group41.vhd Line: 52
Warning (10036): Verilog HDL or VHDL warning at LongDivision_8bit_Group41.vhd(52): object "Sub_Cout_1" assigned a value but never read File: F:/Prime_Finder_8bit_Group41/LongDivision_8bit_Group41.vhd Line: 52
Warning (10036): Verilog HDL or VHDL warning at LongDivision_8bit_Group41.vhd(52): object "Sub_Cout_2" assigned a value but never read File: F:/Prime_Finder_8bit_Group41/LongDivision_8bit_Group41.vhd Line: 52
Warning (10036): Verilog HDL or VHDL warning at LongDivision_8bit_Group41.vhd(52): object "Sub_Cout_3" assigned a value but never read File: F:/Prime_Finder_8bit_Group41/LongDivision_8bit_Group41.vhd Line: 52
Warning (10036): Verilog HDL or VHDL warning at LongDivision_8bit_Group41.vhd(53): object "Sub_Cout_4" assigned a value but never read File: F:/Prime_Finder_8bit_Group41/LongDivision_8bit_Group41.vhd Line: 53
Warning (10036): Verilog HDL or VHDL warning at LongDivision_8bit_Group41.vhd(53): object "Sub_Cout_5" assigned a value but never read File: F:/Prime_Finder_8bit_Group41/LongDivision_8bit_Group41.vhd Line: 53
Warning (10036): Verilog HDL or VHDL warning at LongDivision_8bit_Group41.vhd(53): object "Sub_Cout_6" assigned a value but never read File: F:/Prime_Finder_8bit_Group41/LongDivision_8bit_Group41.vhd Line: 53
Warning (10036): Verilog HDL or VHDL warning at LongDivision_8bit_Group41.vhd(53): object "Sub_Cout_7" assigned a value but never read File: F:/Prime_Finder_8bit_Group41/LongDivision_8bit_Group41.vhd Line: 53
Info (12128): Elaborating entity "RipSub_8bit_Group41" for hierarchy "LongDivision_8bit_Group41:Divider0|RipSub_8bit_Group41:Subtractor_0" File: F:/Prime_Finder_8bit_Group41/LongDivision_8bit_Group41.vhd Line: 79
Info (12128): Elaborating entity "BIN2SEG_3DIGIT_Group41" for hierarchy "BIN2SEG_3DIGIT_Group41:QDisplay" File: F:/Prime_Finder_8bit_Group41/Top_8bit_Group41.vhd Line: 77
Info (12128): Elaborating entity "Prime_Finder_Group41" for hierarchy "Prime_Finder_Group41:PrimeFinder" File: F:/Prime_Finder_8bit_Group41/Top_8bit_Group41.vhd Line: 95
Warning (10036): Verilog HDL or VHDL warning at Prime_Finder_Group41.vhd(31): object "Q_prime" assigned a value but never read File: F:/Prime_Finder_8bit_Group41/Prime_Finder_Group41.vhd Line: 31
Warning (13024): Output pins are stuck at VCC or GND
    Warning (13410): Pin "HEX0[7]" is stuck at VCC File: F:/Prime_Finder_8bit_Group41/Top_8bit_Group41.vhd Line: 11
    Warning (13410): Pin "HEX1[7]" is stuck at VCC File: F:/Prime_Finder_8bit_Group41/Top_8bit_Group41.vhd Line: 11
    Warning (13410): Pin "HEX2[1]" is stuck at GND File: F:/Prime_Finder_8bit_Group41/Top_8bit_Group41.vhd Line: 11
    Warning (13410): Pin "HEX2[7]" is stuck at VCC File: F:/Prime_Finder_8bit_Group41/Top_8bit_Group41.vhd Line: 11
    Warning (13410): Pin "HEX3[7]" is stuck at VCC File: F:/Prime_Finder_8bit_Group41/Top_8bit_Group41.vhd Line: 11
    Warning (13410): Pin "HEX4[7]" is stuck at VCC File: F:/Prime_Finder_8bit_Group41/Top_8bit_Group41.vhd Line: 11
    Warning (13410): Pin "HEX5[1]" is stuck at GND File: F:/Prime_Finder_8bit_Group41/Top_8bit_Group41.vhd Line: 11
    Warning (13410): Pin "HEX5[7]" is stuck at VCC File: F:/Prime_Finder_8bit_Group41/Top_8bit_Group41.vhd Line: 11
Info (286030): Timing-Driven Synthesis is running
Info (16010): Generating hard_block partition "hard_block:auto_generated_inst"
    Info (16011): Adding 0 node(s), including 0 DDIO, 0 PLL, 0 transceiver and 0 LCELL
Info (21057): Implemented 749 device resources after synthesis - the final resource count might be different
    Info (21058): Implemented 11 input pins
    Info (21059): Implemented 49 output pins
    Info (21061): Implemented 689 logic cells
Info: Quartus Prime Analysis & Synthesis was successful. 0 errors, 21 warnings
    Info: Peak virtual memory: 4856 megabytes
    Info: Processing ended: Sun Dec 15 00:29:21 2024
    Info: Elapsed time: 00:00:11
    Info: Total CPU time (on all processors): 00:00:05


